<?xml version="1.0" encoding="UTF-8"?>
<testsuite xmlns:xsi="http://www.w3.org/2001/XMLSchema-instance" xsi:noNamespaceSchemaLocation="https://maven.apache.org/surefire/maven-surefire-plugin/xsd/surefire-test-report-3.0.xsd" version="3.0" name="com.collab.gateway.config.CorsConfigTest" time="0.318" tests="4" errors="0" skipped="0" failures="0">
  <properties>
[...]
</properties>
  <testcase name="corsConfigBeanIsRegistered" classname="com.collab.gateway.config.CorsConfigTest" time="0.022">
    <system-out><![CDATA[2025-08-09T17:57:11.037+05:30  INFO 18271 --- [           main] t.c.s.AnnotationConfigContextLoaderUtils : Could not detect default configuration classes for test class [com.collab.gateway.config.CorsConfigTest]: CorsConfigTest does not declare any static, non-private, non-final, nested classes annotated with @Configuration.
2025-08-09T17:57:11.043+05:30  INFO 18271 --- [           main] .b.t.c.SpringBootTestContextBootstrapper : Found @SpringBootConfiguration com.collab.gateway.ApiGatewayApplication for test class com.collab.gateway.config.CorsConfigTest

  .   ____          _            __ _ _
 /\\ / ___'_ __ _ _(_)_ __  __ _ \ \ \ \
( ( )\___ | '_ | '_| | '_ \/ _` | \ \ \ \
 \\/  ___)| |_)| | | | | || (_| |  ) ) ) )
  '  |____| .__|_| |_|_| |_\__, | / / / /
 =========|_|==============|___/=/_/_/_/
 :: Spring Boot ::                (v3.2.4)

2025-08-09T17:57:11.128+05:30  INFO 18271 --- [           main] c.collab.gateway.config.CorsConfigTest   : Starting CorsConfigTest using Java 17.0.15 with PID 18271 (started by utkarsh in /home/utkarsh/Desktop/RCOP/collab-editing-system/api-gateway)
2025-08-09T17:57:11.128+05:30  INFO 18271 --- [           main] c.collab.gateway.config.CorsConfigTest   : No active profile set, falling back to 1 default profile: "default"
2025-08-09T17:57:11.201+05:30  INFO 18271 --- [           main] o.s.cloud.context.scope.GenericScope     : BeanFactory id=5485ecb2-7148-3f5a-92f7-c2c79e53c5a2
2025-08-09T17:57:11.276+05:30  INFO 18271 --- [           main] o.s.c.g.r.RouteDefinitionRouteLocator    : Loaded RoutePredicateFactory [After]
2025-08-09T17:57:11.277+05:30  INFO 18271 --- [           main] o.s.c.g.r.RouteDefinitionRouteLocator    : Loaded RoutePredicateFactory [Before]
2025-08-09T17:57:11.277+05:30  INFO 18271 --- [           main] o.s.c.g.r.RouteDefinitionRouteLocator    : Loaded RoutePredicateFactory [Between]
2025-08-09T17:57:11.277+05:30  INFO 18271 --- [           main] o.s.c.g.r.RouteDefinitionRouteLocator    : Loaded RoutePredicateFactory [Cookie]
2025-08-09T17:57:11.277+05:30  INFO 18271 --- [           main] o.s.c.g.r.RouteDefinitionRouteLocator    : Loaded RoutePredicateFactory [Header]
2025-08-09T17:57:11.277+05:30  INFO 18271 --- [           main] o.s.c.g.r.RouteDefinitionRouteLocator    : Loaded RoutePredicateFactory [Host]
2025-08-09T17:57:11.277+05:30  INFO 18271 --- [           main] o.s.c.g.r.RouteDefinitionRouteLocator    : Loaded RoutePredicateFactory [Method]
2025-08-09T17:57:11.277+05:30  INFO 18271 --- [           main] o.s.c.g.r.RouteDefinitionRouteLocator    : Loaded RoutePredicateFactory [Path]
2025-08-09T17:57:11.277+05:30  INFO 18271 --- [           main] o.s.c.g.r.RouteDefinitionRouteLocator    : Loaded RoutePredicateFactory [Query]
2025-08-09T17:57:11.277+05:30  INFO 18271 --- [           main] o.s.c.g.r.RouteDefinitionRouteLocator    : Loaded RoutePredicateFactory [ReadBody]
2025-08-09T17:57:11.277+05:30  INFO 18271 --- [           main] o.s.c.g.r.RouteDefinitionRouteLocator    : Loaded RoutePredicateFactory [RemoteAddr]
2025-08-09T17:57:11.277+05:30  INFO 18271 --- [           main] o.s.c.g.r.RouteDefinitionRouteLocator    : Loaded RoutePredicateFactory [XForwardedRemoteAddr]
2025-08-09T17:57:11.277+05:30  INFO 18271 --- [           main] o.s.c.g.r.RouteDefinitionRouteLocator    : Loaded RoutePredicateFactory [Weight]
2025-08-09T17:57:11.277+05:30  INFO 18271 --- [           main] o.s.c.g.r.RouteDefinitionRouteLocator    : Loaded RoutePredicateFactory [CloudFoundryRouteService]
2025-08-09T17:57:11.324+05:30  INFO 18271 --- [           main] c.collab.gateway.config.CorsConfigTest   : Started CorsConfigTest in 0.277 seconds (process running for 2.305)
]]></system-out>
  </testcase>
  <testcase name="corsWebFilterBeanIsRegistered" classname="com.collab.gateway.config.CorsConfigTest" time="0.001"/>
  <testcase name="corsWebFilterIsNotNull" classname="com.collab.gateway.config.CorsConfigTest" time="0.002"/>
  <testcase name="corsConfigurationBeanExists" classname="com.collab.gateway.config.CorsConfigTest" time="0.001"/>
</testsuite>