<?xml version="1.0" encoding="UTF-8"?>
<testsuite xmlns:xsi="http://www.w3.org/2001/XMLSchema-instance" xsi:noNamespaceSchemaLocation="https://maven.apache.org/surefire/maven-surefire-plugin/xsd/surefire-test-report-3.0.xsd" version="3.0" name="com.collab.gateway.ApiGatewayApplicationTest" time="11.519" tests="2" errors="0" skipped="0" failures="0">
  <properties>
[...]
</properties>
  <testcase name="applicationStartsSuccessfully" classname="com.collab.gateway.ApiGatewayApplicationTest" time="1.848">
    <system-out><![CDATA[11:24:12.719 [main] INFO org.springframework.test.context.support.AnnotationConfigContextLoaderUtils -- Could not detect default configuration classes for test class [com.collab.gateway.ApiGatewayApplicationTest]: ApiGatewayApplicationTest does not declare any static, non-private, non-final, nested classes annotated with @Configuration.
11:24:13.076 [main] INFO org.springframework.boot.test.context.SpringBootTestContextBootstrapper -- Found @SpringBootConfiguration com.collab.gateway.ApiGatewayApplication for test class com.collab.gateway.ApiGatewayApplicationTest

  .   ____          _            __ _ _
 /\\ / ___'_ __ _ _(_)_ __  __ _ \ \ \ \
( ( )\___ | '_ | '_| | '_ \/ _` | \ \ \ \
 \\/  ___)| |_)| | | | | || (_| |  ) ) ) )
  '  |____| .__|_| |_|_| |_\__, | / / / /
 =========|_|==============|___/=/_/_/_/
 :: Spring Boot ::                (v3.2.4)

2025-08-10T11:24:15.555+05:30  INFO 11544 --- [           main] c.c.gateway.ApiGatewayApplicationTest    : Starting ApiGatewayApplicationTest using Java 17.0.16 with PID 11544 (started by Admin in C:\Users\Admin\Downloads\collab-editing-system\collab-editing-system\api-gateway)
2025-08-10T11:24:15.558+05:30  INFO 11544 --- [           main] c.c.gateway.ApiGatewayApplicationTest    : No active profile set, falling back to 1 default profile: "default"
2025-08-10T11:24:17.270+05:30  INFO 11544 --- [           main] o.s.cloud.context.scope.GenericScope     : BeanFactory id=5485ecb2-7148-3f5a-92f7-c2c79e53c5a2
2025-08-10T11:24:20.010+05:30  INFO 11544 --- [           main] o.s.c.g.r.RouteDefinitionRouteLocator    : Loaded RoutePredicateFactory [After]
2025-08-10T11:24:20.011+05:30  INFO 11544 --- [           main] o.s.c.g.r.RouteDefinitionRouteLocator    : Loaded RoutePredicateFactory [Before]
2025-08-10T11:24:20.011+05:30  INFO 11544 --- [           main] o.s.c.g.r.RouteDefinitionRouteLocator    : Loaded RoutePredicateFactory [Between]
2025-08-10T11:24:20.011+05:30  INFO 11544 --- [           main] o.s.c.g.r.RouteDefinitionRouteLocator    : Loaded RoutePredicateFactory [Cookie]
2025-08-10T11:24:20.011+05:30  INFO 11544 --- [           main] o.s.c.g.r.RouteDefinitionRouteLocator    : Loaded RoutePredicateFactory [Header]
2025-08-10T11:24:20.011+05:30  INFO 11544 --- [           main] o.s.c.g.r.RouteDefinitionRouteLocator    : Loaded RoutePredicateFactory [Host]
2025-08-10T11:24:20.012+05:30  INFO 11544 --- [           main] o.s.c.g.r.RouteDefinitionRouteLocator    : Loaded RoutePredicateFactory [Method]
2025-08-10T11:24:20.012+05:30  INFO 11544 --- [           main] o.s.c.g.r.RouteDefinitionRouteLocator    : Loaded RoutePredicateFactory [Path]
2025-08-10T11:24:20.012+05:30  INFO 11544 --- [           main] o.s.c.g.r.RouteDefinitionRouteLocator    : Loaded RoutePredicateFactory [Query]
2025-08-10T11:24:20.012+05:30  INFO 11544 --- [           main] o.s.c.g.r.RouteDefinitionRouteLocator    : Loaded RoutePredicateFactory [ReadBody]
2025-08-10T11:24:20.012+05:30  INFO 11544 --- [           main] o.s.c.g.r.RouteDefinitionRouteLocator    : Loaded RoutePredicateFactory [RemoteAddr]
2025-08-10T11:24:20.012+05:30  INFO 11544 --- [           main] o.s.c.g.r.RouteDefinitionRouteLocator    : Loaded RoutePredicateFactory [XForwardedRemoteAddr]
2025-08-10T11:24:20.012+05:30  INFO 11544 --- [           main] o.s.c.g.r.RouteDefinitionRouteLocator    : Loaded RoutePredicateFactory [Weight]
2025-08-10T11:24:20.012+05:30  INFO 11544 --- [           main] o.s.c.g.r.RouteDefinitionRouteLocator    : Loaded RoutePredicateFactory [CloudFoundryRouteService]
2025-08-10T11:24:21.878+05:30  INFO 11544 --- [           main] c.c.gateway.ApiGatewayApplicationTest    : Started ApiGatewayApplicationTest in 8.384 seconds (process running for 10.793)
]]></system-out>
  </testcase>
  <testcase name="contextLoads" classname="com.collab.gateway.ApiGatewayApplicationTest" time="0.012"/>
</testsuite>